#
# A fatal error has been detected by the Java Runtime Environment:
#
#  SIGSEGV (0xb) at pc=0x035e9e32, pid=5838, tid=79170416
#
# JRE version: 6.0_19-b04
# Java VM: Java HotSpot(TM) Client VM (16.2-b04 mixed mode, sharing linux-x86 )
# Problematic frame:
# C  [libmozjs.so+0x1ae32]  js_NextActiveContext+0x16
#
# If you would like to submit a bug report, please visit:
#   http://java.sun.com/webapps/bugreport/crash.jsp
#

---------------  T H R E A D  ---------------

Current thread is native thread

siginfo:si_signo=SIGSEGV: si_errno=0, si_code=1 (SEGV_MAPERR), si_addr=0x0000019c

Registers:
EAX=0xfffffffc, EBX=0xb38d6cb0, ECX=0x04b8030c, EDX=0x09c04e88
ESP=0x04b80300, EBP=0x04b80318, ESI=0x04b8030c, EDI=0x09c04d20
EIP=0x035e9e32, CR2=0x0000019c, EFLAGS=0x00210286

Top of Stack: (sp=0x04b80300)
0x04b80300:   09c0aaa8 00000000 00000000 fffffffc
0x04b80310:   09bdc208 09c04d20 04b80358 b2e202cb
0x04b80320:   09c04d20 00000000 09c0aaa8 09c0aaa8
0x04b80330:   099c63e8 00000001 04b80358 06f92fa0
0x04b80340:   099c63e8 00000000 00000000 06fa2ff4
0x04b80350:   09c0c6c0 00000001 04b80398 06f99267
0x04b80360:   09bdc208 09c0c6c0 00000000 00000000
0x04b80370:   00000000 00000000 00000000 09c0c770 

Instructions: (pc=0x035e9e32)
0x035e9e22:   ec 10 8b 45 0c 8b 7d 08 8d 75 f4 89 45 f4 eb 09
0x035e9e32:   83 b8 a0 01 00 00 00 75 11 50 56 6a 00 57 e8 57 

Stack: [0x04380000,0x04b81000],  sp=0x04b80300,  free space=200004b7fc90k
Native frames: (J=compiled Java code, j=interpreted, Vv=VM code, C=native code)
C  [libmozjs.so+0x1ae32]  js_NextActiveContext+0x16
C  [libxul.so+0x1c32cb]
C  [libnspr4.so+0x28267]
C  [libpthread.so.0+0x596e]


---------------  P R O C E S S  ---------------

VM state:not at safepoint (normal execution)

VM Mutex/Monitor currently owned by a thread: None

Heap
 def new generation   total 39424K, used 4216K [0x62e50000, 0x65910000, 0x6d8f0000)
  eden space 35072K,  12% used [0x62e50000, 0x6326e0a0, 0x65090000)
  from space 4352K,   0% used [0x65090000, 0x65090000, 0x654d0000)
  to   space 4352K,   0% used [0x654d0000, 0x654d0000, 0x65910000)
 tenured generation   total 87424K, used 10810K [0x6d8f0000, 0x72e50000, 0x82e50000)
   the space 87424K,  12% used [0x6d8f0000, 0x6e37e9c0, 0x6e37ea00, 0x72e50000)
 compacting perm gen  total 25344K, used 25168K [0x82e50000, 0x84710000, 0x92e50000)
   the space 25344K,  99% used [0x82e50000, 0x846e4310, 0x846e4400, 0x84710000)
    ro space 10240K,  61% used [0x92e50000, 0x93476298, 0x93476400, 0x93850000)
    rw space 12288K,  60% used [0x93850000, 0x93f86cb8, 0x93f86e00, 0x94450000)

Dynamic libraries:
00110000-0011a000 r-xp 00000000 08:01 2490       /usr/lib/libpangocairo-1.0.so.0.2800.0
0011a000-0011b000 r--p 00009000 08:01 2490       /usr/lib/libpangocairo-1.0.so.0.2800.0
0011b000-0011c000 rw-p 0000a000 08:01 2490       /usr/lib/libpangocairo-1.0.so.0.2800.0
0011c000-0011f000 r-xp 00000000 08:01 2173       /usr/lib/libxcb-render-util.so.0.0.0
0011f000-00120000 r--p 00002000 08:01 2173       /usr/lib/libxcb-render-util.so.0.0.0
00120000-00121000 rw-p 00003000 08:01 2173       /usr/lib/libxcb-render-util.so.0.0.0
00121000-0013c000 r-xp 00000000 08:01 146        /lib/ld-2.11.1.so
0013c000-0013d000 r--p 0001a000 08:01 146        /lib/ld-2.11.1.so
0013d000-0013e000 rw-p 0001b000 08:01 146        /lib/ld-2.11.1.so
0013e000-00144000 r-xp 00000000 08:01 2952       /usr/lib/libXrandr.so.2.2.0
00144000-00145000 r--p 00005000 08:01 2952       /usr/lib/libXrandr.so.2.2.0
00145000-00146000 rw-p 00006000 08:01 2952       /usr/lib/libXrandr.so.2.2.0
00146000-0014e000 r-xp 00000000 08:01 2937       /usr/lib/libXcursor.so.1.0.2
0014e000-0014f000 r--p 00007000 08:01 2937       /usr/lib/libXcursor.so.1.0.2
0014f000-00150000 rw-p 00008000 08:01 2937       /usr/lib/libXcursor.so.1.0.2
00150000-00151000 r-xp 00000000 08:01 396427     /usr/lib/gtk-2.0/2.10.0/loaders/svg_loader.so
00151000-00152000 r--p 00000000 08:01 396427     /usr/lib/gtk-2.0/2.10.0/loaders/svg_loader.so
00152000-00153000 rw-p 00001000 08:01 396427     /usr/lib/gtk-2.0/2.10.0/loaders/svg_loader.so
00153000-00154000 r-xp 00000000 00:00 0          [vdso]
00154000-002a7000 r-xp 00000000 08:01 152741     /lib/tls/i686/cmov/libc-2.11.1.so
002a7000-002a8000 ---p 00153000 08:01 152741     /lib/tls/i686/cmov/libc-2.11.1.so
002a8000-002aa000 r--p 00153000 08:01 152741     /lib/tls/i686/cmov/libc-2.11.1.so
002aa000-002ab000 rw-p 00155000 08:01 152741     /lib/tls/i686/cmov/libc-2.11.1.so
002ab000-002ae000 rw-p 00000000 00:00 0 
002ae000-002c6000 r-xp 00000000 08:01 1864       /usr/lib/libgdk_pixbuf-2.0.so.0.2000.0
002c6000-002c7000 r--p 00017000 08:01 1864       /usr/lib/libgdk_pixbuf-2.0.so.0.2000.0
002c7000-002c8000 rw-p 00018000 08:01 1864       /usr/lib/libgdk_pixbuf-2.0.so.0.2000.0
002c8000-002ce000 r-xp 00000000 08:01 2171       /usr/lib/libxcb-render.so.0.0.0
002ce000-002cf000 r--p 00005000 08:01 2171       /usr/lib/libxcb-render.so.0.0.0
002cf000-002d0000 rw-p 00006000 08:01 2171       /usr/lib/libxcb-render.so.0.0.0
002d3000-002f7000 r-xp 00000000 08:01 152756     /lib/tls/i686/cmov/libm-2.11.1.so
002f7000-002f8000 r--p 00023000 08:01 152756     /lib/tls/i686/cmov/libm-2.11.1.so
002f8000-002f9000 rw-p 00024000 08:01 152756     /lib/tls/i686/cmov/libm-2.11.1.so
002f9000-00312000 r-xp 00000000 08:01 625        /lib/libselinux.so.1
00312000-00313000 r--p 00018000 08:01 625        /lib/libselinux.so.1
00313000-00314000 rw-p 00019000 08:01 625        /lib/libselinux.so.1
00314000-00318000 r-xp 00000000 08:01 88         /usr/lib/libXdmcp.so.6.0.0
00318000-00319000 r--p 00003000 08:01 88         /usr/lib/libXdmcp.so.6.0.0
00319000-0031a000 rw-p 00004000 08:01 88         /usr/lib/libXdmcp.so.6.0.0
0031c000-00320000 r-xp 00000000 08:01 868        /usr/lib/libgthread-2.0.so.0.2400.0
00320000-00321000 r--p 00003000 08:01 868        /usr/lib/libgthread-2.0.so.0.2400.0
00321000-00322000 rw-p 00004000 08:01 868        /usr/lib/libgthread-2.0.so.0.2400.0
00322000-003bc000 r-xp 00000000 08:01 1277       /usr/lib/libgio-2.0.so.0.2400.0
003bc000-003bd000 ---p 0009a000 08:01 1277       /usr/lib/libgio-2.0.so.0.2400.0
003bd000-003be000 r--p 0009a000 08:01 1277       /usr/lib/libgio-2.0.so.0.2400.0
003be000-003bf000 rw-p 0009b000 08:01 1277       /usr/lib/libgio-2.0.so.0.2400.0
003bf000-003c0000 rw-p 00000000 00:00 0 
003c0000-003e5000 r-xp 00000000 08:01 2498       /usr/lib/libpangoft2-1.0.so.0.2800.0
003e5000-003e6000 r--p 00024000 08:01 2498       /usr/lib/libpangoft2-1.0.so.0.2800.0
003e6000-003e7000 rw-p 00025000 08:01 2498       /usr/lib/libpangoft2-1.0.so.0.2800.0
003e7000-0043e000 r-xp 00000000 08:01 2136       /usr/lib/libpixman-1.so.0.16.4
0043e000-00440000 r--p 00057000 08:01 2136       /usr/lib/libpixman-1.so.0.16.4
00440000-00441000 rw-p 00059000 08:01 2136       /usr/lib/libpixman-1.so.0.16.4
00444000-00447000 r-xp 00000000 08:01 763        /usr/lib/libgmodule-2.0.so.0.2400.0
00447000-00448000 r--p 00002000 08:01 763        /usr/lib/libgmodule-2.0.so.0.2400.0
00448000-00449000 rw-p 00003000 08:01 763        /usr/lib/libgmodule-2.0.so.0.2400.0
00449000-004ba000 r-xp 00000000 08:01 2111       /usr/lib/libfreetype.so.6.3.22
004ba000-004be000 r--p 00070000 08:01 2111       /usr/lib/libfreetype.so.6.3.22
004be000-004bf000 rw-p 00074000 08:01 2111       /usr/lib/libfreetype.so.6.3.22
004bf000-004c5000 r-xp 00000000 08:01 152760     /lib/tls/i686/cmov/libnss_compat-2.11.1.so
004c5000-004c6000 r--p 00006000 08:01 152760     /lib/tls/i686/cmov/libnss_compat-2.11.1.so
004c6000-004c7000 rw-p 00007000 08:01 152760     /lib/tls/i686/cmov/libnss_compat-2.11.1.so
004c7000-004cf000 r-xp 00000000 08:01 152765     /lib/tls/i686/cmov/libnss_nis-2.11.1.so
004cf000-004d0000 r--p 00007000 08:01 152765     /lib/tls/i686/cmov/libnss_nis-2.11.1.so
004d0000-004d1000 rw-p 00008000 08:01 152765     /lib/tls/i686/cmov/libnss_nis-2.11.1.so
004d1000-00511000 r-xp 00000000 08:01 2471       /usr/lib/libpango-1.0.so.0.2800.0
00511000-00512000 ---p 00040000 08:01 2471       /usr/lib/libpango-1.0.so.0.2800.0
00512000-00513000 r--p 00040000 08:01 2471       /usr/lib/libpango-1.0.so.0.2800.0
00513000-00514000 rw-p 00041000 08:01 2471       /usr/lib/libpango-1.0.so.0.2800.0
00514000-0051b000 r-xp 00000000 08:01 3704       /usr/lib/libvorbisfile.so.3.3.2
0051b000-0051c000 r--p 00006000 08:01 3704       /usr/lib/libvorbisfile.so.3.3.2
0051c000-0051d000 rw-p 00007000 08:01 3704       /usr/lib/libvorbisfile.so.3.3.2
0051e000-00520000 r-xp 00000000 08:01 2522       /usr/lib/libXcomposite.so.1.0.0
00520000-00521000 r--p 00001000 08:01 2522       /usr/lib/libXcomposite.so.1.0.0
00521000-00522000 rw-p 00002000 08:01 2522       /usr/lib/libXcomposite.so.1.0.0
00522000-00536000 r-xp 00000000 08:01 1456       /usr/lib/libdirect-1.2.so.0.8.0
00536000-00537000 r--p 00013000 08:01 1456       /usr/lib/libdirect-1.2.so.0.8.0
00537000-00538000 rw-p 00014000 08:01 1456       /usr/lib/libdirect-1.2.so.0.8.0
00538000-00550000 r-xp 00000000 08:01 95         /usr/lib/libxcb.so.1.1.0
00550000-00551000 r--p 00017000 08:01 95         /usr/lib/libxcb.so.1.1.0
00551000-00552000 rw-p 00018000 08:01 95         /usr/lib/libxcb.so.1.1.0
00552000-0055c000 r-xp 00000000 08:01 152762     /lib/tls/i686/cmov/libnss_files-2.11.1.so
0055c000-0055d000 r--p 00009000 08:01 152762     /lib/tls/i686/cmov/libnss_files-2.11.1.so
0055d000-0055e000 rw-p 0000a000 08:01 152762     /lib/tls/i686/cmov/libnss_files-2.11.1.so
0055f000-00583000 r-xp 00000000 08:01 2769       /lib/libexpat.so.1.5.2
00583000-00585000 r--p 00024000 08:01 2769       /lib/libexpat.so.1.5.2
00585000-00586000 rw-p 00026000 08:01 2769       /lib/libexpat.so.1.5.2
00586000-0059f000 r-xp 00000000 08:01 659        /usr/lib/libatk-1.0.so.0.3009.1
0059f000-005a0000 ---p 00019000 08:01 659        /usr/lib/libatk-1.0.so.0.3009.1
005a0000-005a1000 r--p 00019000 08:01 659        /usr/lib/libatk-1.0.so.0.3009.1
005a1000-005a2000 rw-p 0001a000 08:01 659        /usr/lib/libatk-1.0.so.0.3009.1
005a2000-005b5000 r-xp 00000000 08:01 152758     /lib/tls/i686/cmov/libnsl-2.11.1.so
005b5000-005b6000 r--p 00012000 08:01 152758     /lib/tls/i686/cmov/libnsl-2.11.1.so
005b6000-005b7000 rw-p 00013000 08:01 152758     /lib/tls/i686/cmov/libnsl-2.11.1.so
005b7000-005b9000 rw-p 00000000 00:00 0 
005b9000-005c7000 r-xp 00000000 08:01 3894       /usr/lib/libcanberra.so.0.2.1
005c7000-005c8000 r--p 0000d000 08:01 3894       /usr/lib/libcanberra.so.0.2.1
005c8000-005c9000 rw-p 0000e000 08:01 3894       /usr/lib/libcanberra.so.0.2.1
005c9000-005f0000 r-xp 00000000 08:01 1514       /usr/lib/libvorbis.so.0.4.3
005f0000-005f1000 r--p 00026000 08:01 1514       /usr/lib/libvorbis.so.0.4.3
005f1000-005f2000 rw-p 00027000 08:01 1514       /usr/lib/libvorbis.so.0.4.3
005f2000-005f6000 rwxp 00000000 00:00 0 
005f6000-006be000 r-xp 00000000 08:01 716        /lib/libglib-2.0.so.0.2400.0
006be000-006bf000 r--p 000c7000 08:01 716        /lib/libglib-2.0.so.0.2400.0
006bf000-006c0000 rw-p 000c8000 08:01 716        /lib/libglib-2.0.so.0.2400.0
006c0000-00733000 r-xp 00000000 08:01 1463       /usr/lib/libdirectfb-1.2.so.0.8.0
00733000-00734000 ---p 00073000 08:01 1463       /usr/lib/libdirectfb-1.2.so.0.8.0
00734000-00735000 r--p 00073000 08:01 1463       /usr/lib/libdirectfb-1.2.so.0.8.0
00735000-00736000 rw-p 00074000 08:01 1463       /usr/lib/libdirectfb-1.2.so.0.8.0
00736000-00737000 rw-p 00000000 00:00 0 
00737000-0073c000 r-xp 00000000 08:01 1403       /usr/lib/libogg.so.0.6.0
0073c000-0073d000 r--p 00004000 08:01 1403       /usr/lib/libogg.so.0.6.0
0073d000-0073e000 rw-p 00005000 08:01 1403       /usr/lib/libogg.so.0.6.0
0073e000-0074b000 r-xp 00000000 08:01 2062       /usr/lib/libtdb.so.1.2.0
0074b000-0074c000 r--p 0000c000 08:01 2062       /usr/lib/libtdb.so.1.2.0
0074c000-0074d000 rw-p 0000d000 08:01 2062       /usr/lib/libtdb.so.1.2.0
0074d000-00755000 r-xp 00000000 08:01 396586     /usr/lib/gtk-2.0/2.10.0/engines/libpixmap.so
00755000-00756000 r--p 00007000 08:01 396586     /usr/lib/gtk-2.0/2.10.0/engines/libpixmap.so
00756000-00757000 rw-p 00008000 08:01 396586     /usr/lib/gtk-2.0/2.10.0/engines/libpixmap.so
00757000-00759000 r-xp 00000000 08:01 5036       /usr/lib/libplds4.so
00759000-0075a000 r--p 00001000 08:01 5036       /usr/lib/libplds4.so
0075a000-0075b000 rw-p 00002000 08:01 5036       /usr/lib/libplds4.so
0075b000-00766000 r-xp 00000000 08:01 7049       /usr/lib/eclipse/plugins/org.eclipse.equinox.launcher.gtk.linux.x86_1.0.200.v20090520/eclipse_1208.so
00766000-00767000 r--p 0000a000 08:01 7049       /usr/lib/eclipse/plugins/org.eclipse.equinox.launcher.gtk.linux.x86_1.0.200.v20090520/eclipse_1208.so
00767000-00768000 rw-p 0000b000 08:01 7049       /usr/lib/eclipse/plugins/org.eclipse.equinox.launcher.gtk.linux.x86_1.0.200.v20090520/eclipse_1208.so
00768000-0076b000 r-xp 00000000 08:01 395434     /usr/lib/gtk-2.0/2.10.0/loaders/libpixbufloader-bmp.so
0076b000-0076c000 r--p 00002000 08:01 395434     /usr/lib/gtk-2.0/2.10.0/loaders/libpixbufloader-bmp.so
0076c000-0076d000 rw-p 00003000 08:01 395434     /usr/lib/gtk-2.0/2.10.0/loaders/libpixbufloader-bmp.so
0076e000-00783000 r-xp 00000000 08:01 152770     /lib/tls/i686/cmov/libpthread-2.11.1.so
00783000-00784000 r--p 00014000 08:01 152770     /lib/tls/i686/cmov/libpthread-2.11.1.so
00784000-00785000 rw-p 00015000 08:01 152770     /lib/tls/i686/cmov/libpthread-2.11.1.so
00785000-00787000 rw-p 00000000 00:00 0 
00787000-008a0000 r-xp 00000000 08:01 119        /usr/lib/libX11.so.6.3.0
008a0000-008a1000 r--p 00118000 08:01 119        /usr/lib/libX11.so.6.3.0
008a1000-008a3000 rw-p 00119000 08:01 119        /usr/lib/libX11.so.6.3.0
008a3000-008a4000 rw-p 00000000 00:00 0 
008a4000-008ca000 r-xp 00000000 08:01 393994     /usr/lib/gtk-2.0/2.10.0/engines/libmurrine.so
008ca000-008cb000 r--p 00025000 08:01 393994     /usr/lib/gtk-2.0/2.10.0/engines/libmurrine.so
008cb000-008cc000 rw-p 00026000 08:01 393994     /usr/lib/gtk-2.0/2.10.0/engines/libmurrine.so
008cc000-008d7000 r-xp 00000000 08:01 791153     /usr/lib/jvm/java-6-sun-1.6.0.19/jre/lib/i386/libverify.so
008d7000-008d8000 rw-p 0000b000 08:01 791153     /usr/lib/jvm/java-6-sun-1.6.0.19/jre/lib/i386/libverify.so
008d8000-008fb000 r-xp 00000000 08:01 791154     /usr/lib/jvm/java-6-sun-1.6.0.19/jre/lib/i386/libjava.so
008fb000-008fd000 rw-p 00023000 08:01 791154     /usr/lib/jvm/java-6-sun-1.6.0.19/jre/lib/i386/libjava.so
008fd000-0090c000 r-xp 00000000 08:01 791156     /usr/lib/jvm/java-6-sun-1.6.0.19/jre/lib/i386/libzip.so
0090c000-0090e000 rw-p 0000e000 08:01 791156     /usr/lib/jvm/java-6-sun-1.6.0.19/jre/lib/i386/libzip.so
0090e000-00921000 r-xp 00000000 08:01 791160     /usr/lib/jvm/java-6-sun-1.6.0.19/jre/lib/i386/libnet.so
00921000-00922000 rw-p 00013000 08:01 791160     /usr/lib/jvm/java-6-sun-1.6.0.19/jre/lib/i386/libnet.so
00922000-00929000 r-xp 00000000 08:01 791161     /usr/lib/jvm/java-6-sun-1.6.0.19/jre/lib/i386/libnio.so
00929000-0092a000 rw-p 00006000 08:01 791161     /usr/lib/jvm/java-6-sun-1.6.0.19/jre/lib/i386/libnio.so
0092a000-0092d000 r-xp 00000000 08:01 7013       /usr/lib/eclipse/configuration/org.eclipse.osgi/bundles/145/1/.cp/libswt-gtk-3557.so
0092d000-0092e000 r--p 00002000 08:01 7013       /usr/lib/eclipse/configuration/org.eclipse.osgi/bundles/145/1/.cp/libswt-gtk-3557.so
0092e000-0092f000 rw-p 00003000 08:01 7013       /usr/lib/eclipse/configuration/org.eclipse.osgi/bundles/145/1/.cp/libswt-gtk-3557.so
0092f000-00930000 rw-p 00000000 00:00 0 
00932000-00934000 r-xp 00000000 08:01 2568       /usr/lib/libXdamage.so.1.1.0
00934000-00935000 r--p 00001000 08:01 2568       /usr/lib/libXdamage.so.1.1.0
00935000-00936000 rw-p 00002000 08:01 2568       /usr/lib/libXdamage.so.1.1.0
00936000-0093a000 r-xp 00000000 08:01 141        /usr/lib/libXtst.so.6.1.0
0093a000-0093b000 r--p 00003000 08:01 141        /usr/lib/libXtst.so.6.1.0
0093b000-0093c000 rw-p 00004000 08:01 141        /usr/lib/libXtst.so.6.1.0
0093c000-00941000 r-xp 00000000 08:01 397301     /usr/lib/gtk-2.0/2.10.0/loaders/libpixbufloader-gif.so
00941000-00942000 r--p 00004000 08:01 397301     /usr/lib/gtk-2.0/2.10.0/loaders/libpixbufloader-gif.so
00942000-00943000 rw-p 00005000 08:01 397301     /usr/lib/gtk-2.0/2.10.0/loaders/libpixbufloader-gif.so
00943000-00947000 r-xp 00000000 08:01 397307     /usr/lib/gtk-2.0/2.10.0/loaders/libpixbufloader-png.so
00947000-00948000 r--p 00003000 08:01 397307     /usr/lib/gtk-2.0/2.10.0/loaders/libpixbufloader-png.so
00948000-00949000 rw-p 00004000 08:01 397307     /usr/lib/gtk-2.0/2.10.0/loaders/libpixbufloader-png.so
00949000-0094e000 r-xp 00000000 08:01 394012     /usr/lib/gtk-2.0/2.10.0/immodules/im-ibus.so
0094e000-0094f000 r--p 00004000 08:01 394012     /usr/lib/gtk-2.0/2.10.0/immodules/im-ibus.so
0094f000-00950000 rw-p 00005000 08:01 394012     /usr/lib/gtk-2.0/2.10.0/immodules/im-ibus.so
00950000-0095a000 r-xp 00000000 08:01 891        /lib/libudev.so.0.6.1
0095a000-0095b000 r--p 00009000 08:01 891        /lib/libudev.so.0.6.1
0095b000-0095c000 rw-p 0000a000 08:01 891        /lib/libudev.so.0.6.1
0095c000-0095f000 r-xp 00000000 08:01 927985     /usr/lib/xulrunner-1.9.2.3/libxpcom.so
0095f000-00960000 r--p 00002000 08:01 927985     /usr/lib/xulrunner-1.9.2.3/libxpcom.so
00960000-00961000 rw-p 00003000 08:01 927985     /usr/lib/xulrunner-1.9.2.3/libxpcom.so
00963000-00976000 r-xp 00000000 08:01 537        /lib/libz.so.1.2.3.3
00976000-00977000 r--p 00012000 08:01 537        /lib/libz.so.1.2.3.3
00977000-00978000 rw-p 00013000 08:01 537        /lib/libz.so.1.2.3.3
00978000-0098c000 r-xp 00000000 08:01 3398       /usr/lib/libgvfscommon.so.0.0.0
0098c000-0098d000 r--p 00013000 08:01 3398       /usr/lib/libgvfscommon.so.0.0.0
0098d000-0098e000 rw-p 00014000 08:01 3398       /usr/lib/libgvfscommon.so.0.0.0
0098e000-00998000 r-xp 00000000 08:01 2779       /usr/lib/libtrackerclient.so.0.0.0
00998000-00999000 r--p 00009000 08:01 2779       /usr/lib/libtrackerclient.so.0.0.0
00999000-0099a000 rw-p 0000a000 08:01 2779       /usr/lib/libtrackerclient.so.0.0.0
0099d000-009a1000 r-xp 00000000 08:01 269316     /usr/lib/gtk-2.0/modules/libcanberra-gtk-module.so
009a1000-009a2000 ---p 00004000 08:01 269316     /usr/lib/gtk-2.0/modules/libcanberra-gtk-module.so
009a2000-009a3000 r--p 00004000 08:01 269316     /usr/lib/gtk-2.0/modules/libcanberra-gtk-module.so
009a3000-009a4000 rw-p 00005000 08:01 269316     /usr/lib/gtk-2.0/modules/libcanberra-gtk-module.so
009a6000-009b6000 r-xp 00000000 08:01 152771     /lib/tls/i686/cmov/libresolv-2.11.1.so
009b6000-009b7000 r--p 00010000 08:01 152771     /lib/tls/i686/cmov/libresolv-2.11.1.so
009b7000-009b8000 rw-p 00011000 08:01 152771     /lib/tls/i686/cmov/libresolv-2.11.1.so
009b8000-009ba000 rw-p 00000000 00:00 0 
009ba000-009bb000 ---p 00000000 00:00 0 
009bb000-00a3b000 rwxp 00000000 00:00 0 
00a3b000-00a4c000 r-xp 00000000 08:01 396596     /usr/lib/gio/modules/libgioremote-volume-monitor.so
00a4c000-00a4d000 r--p 00011000 08:01 396596     /usr/lib/gio/modules/libgioremote-volume-monitor.so
00a4d000-00a4e000 rw-p 00012000 08:01 396596     /usr/lib/gio/modules/libgioremote-volume-monitor.so
00a4e000-00a51000 r-xp 00000000 08:01 3084       /usr/lib/libplc4.so
00a51000-00a52000 r--p 00002000 08:01 3084       /usr/lib/libplc4.so
00a52000-00a53000 rw-p 00003000 08:01 3084       /usr/lib/libplc4.so
00a54000-00ae7000 r-xp 00000000 08:01 1863       /usr/lib/libgdk-x11-2.0.so.0.2000.0
00ae7000-00ae9000 r--p 00093000 08:01 1863       /usr/lib/libgdk-x11-2.0.so.0.2000.0
00ae9000-00aea000 rw-p 00095000 08:01 1863       /usr/lib/libgdk-x11-2.0.so.0.2000.0
00aea000-00aec000 r-xp 00000000 08:01 3965       /usr/lib/libxcb-aux.so.0.0.0
00aec000-00aed000 r--p 00001000 08:01 3965       /usr/lib/libxcb-aux.so.0.0.0
00aed000-00aee000 rw-p 00002000 08:01 3965       /usr/lib/libxcb-aux.so.0.0.0
00af0000-00b1f000 r-xp 00000000 08:01 1335       /lib/libpcre.so.3.12.1
00b1f000-00b20000 r--p 0002e000 08:01 1335       /lib/libpcre.so.3.12.1
00b20000-00b21000 rw-p 0002f000 08:01 1335       /lib/libpcre.so.3.12.1
00b21000-00b45000 r-xp 00000000 08:01 396597     /usr/lib/gio/modules/libgvfsdbus.so
00b45000-00b46000 r--p 00023000 08:01 396597     /usr/lib/gio/modules/libgvfsdbus.so
00b46000-00b47000 rw-p 00024000 08:01 396597     /usr/lib/gio/modules/libgvfsdbus.so
00b47000-00b4d000 r-xp 00000000 08:01 7008       /usr/lib/eclipse/configuration/org.eclipse.osgi/bundles/145/1/.cp/libswt-atk-gtk-3557.so
00b4d000-00b4e000 r--p 00005000 08:01 7008       /usr/lib/eclipse/configuration/org.eclipse.osgi/bundles/145/1/.cp/libswt-atk-gtk-3557.so
00b4e000-00b4f000 rw-p 00006000 08:01 7008       /usr/lib/eclipse/configuration/org.eclipse.osgi/bundles/145/1/.cp/libswt-atk-gtk-3557.so
00b4f000-00b51000 r-xp 00000000 08:01 3967       /usr/lib/libxcb-event.so.1.0.0
00b51000-00b52000 r--p 00001000 08:01 3967       /usr/lib/libxcb-event.so.1.0.0
00b52000-00b53000 rw-p 00002000 08:01 3967       /usr/lib/libxcb-event.so.1.0.0
00b56000-00b62000 r-xp 00000000 08:01 134        /usr/lib/libXi.so.6.1.0
00b62000-00b63000 r--p 0000c000 08:01 134        /usr/lib/libXi.so.6.1.0
00b63000-00b64000 rw-p 0000d000 08:01 134        /usr/lib/libXi.so.6.1.0
00b67000-00b6a000 r-xp 00000000 08:01 3086       /usr/lib/libcanberra-gtk.so.0.1.5
00b6a000-00b6b000 r--p 00003000 08:01 3086       /usr/lib/libcanberra-gtk.so.0.1.5
00b6b000-00b6c000 rw-p 00004000 08:01 3086       /usr/lib/libcanberra-gtk.so.0.1.5
00b6c000-00ba5000 r-xp 00000000 08:01 5878       /usr/lib/libibus.so.1.0.0
00ba5000-00ba6000 r--p 00039000 08:01 5878       /usr/lib/libibus.so.1.0.0
00ba6000-00ba7000 rw-p 0003a000 08:01 5878       /usr/lib/libibus.so.1.0.0
00ba7000-00bb7000 r-xp 00000000 08:01 22         /lib/libbz2.so.1.0.4
00bb7000-00bb8000 r--p 0000f000 08:01 22         /lib/libbz2.so.1.0.4
00bb8000-00bb9000 rw-p 00010000 08:01 22         /lib/libbz2.so.1.0.4
00bbc000-00bbe000 r-xp 00000000 08:01 152753     /lib/tls/i686/cmov/libdl-2.11.1.so
00bbe000-00bbf000 r--p 00001000 08:01 152753     /lib/tls/i686/cmov/libdl-2.11.1.so
00bbf000-00bc0000 rw-p 00002000 08:01 152753     /lib/tls/i686/cmov/libdl-2.11.1.so
00bc0000-00bcb000 r-xp 00000000 08:01 7010       /usr/lib/eclipse/configuration/org.eclipse.osgi/bundles/145/1/.cp/libswt-cairo-gtk-3557.so
00bcb000-00bcc000 r--p 0000a000 08:01 7010       /usr/lib/eclipse/configuration/org.eclipse.osgi/bundles/145/1/.cp/libswt-cairo-gtk-3557.so
00bcc000-00bcd000 rw-p 0000b000 08:01 7010       /usr/lib/eclipse/configuration/org.eclipse.osgi/bundles/145/1/.cp/libswt-cairo-gtk-3557.so
00bcd000-00bcf000 r-xp 00000000 08:01 152786     /lib/tls/i686/cmov/libutil-2.11.1.so
00bcf000-00bd0000 r--p 00001000 08:01 152786     /lib/tls/i686/cmov/libutil-2.11.1.so
00bd0000-00bd1000 rw-p 00002000 08:01 152786     /lib/tls/i686/cmov/libutil-2.11.1.so
00bd1000-00bd5000 r-xp 00000000 08:01 2512       /usr/lib/libXfixes.so.3.1.0
00bd5000-00bd6000 r--p 00003000 08:01 2512       /usr/lib/libXfixes.so.3.1.0
00bd6000-00bd7000 rw-p 00004000 08:01 2512       /usr/lib/libXfixes.so.3.1.0
00bd7000-00bde000 r-xp 00000000 08:01 7015       /usr/lib/eclipse/configuration/org.eclipse.osgi/bundles/145/1/.cp/libswt-xpcominit-gtk-3557.so
00bde000-00bdf000 r--p 00006000 08:01 7015       /usr/lib/eclipse/configuration/org.eclipse.osgi/bundles/145/1/.cp/libswt-xpcominit-gtk-3557.so
00bdf000-00be0000 rw-p 00007000 08:01 7015       /usr/lib/eclipse/configuration/org.eclipse.osgi/bundles/145/1/.cp/libswt-xpcominit-gtk-3557.so
00be0000-00be7000 r-xp 00000000 08:01 3969       /usr/lib/libstartup-notification-1.so.0.0.0
00be7000-00be8000 r--p 00006000 08:01 3969       /usr/lib/libstartup-notification-1.so.0.0.0
00be8000-00be9000 rw-p 00007000 08:01 3969       /usr/lib/libstartup-notification-1.so.0.0.0
00beb000-00bf3000 r-xp 00000000 08:01 2208       /usr/lib/libXrender.so.1.3.0
00bf3000-00bf4000 r--p 00007000 08:01 2208       /usr/lib/libXrender.so.1.3.0
00bf4000-00bf5000 rw-p 00008000 08:01 2208       /usr/lib/libXrender.so.1.3.0
00bf5000-00c09000 r-xp 00000000 08:01 6028       /usr/lib/libbeagle.so.1.0.3
00c09000-00c0a000 r--p 00014000 08:01 6028       /usr/lib/libbeagle.so.1.0.3
00c0a000-00c0b000 rw-p 00015000 08:01 6028       /usr/lib/libbeagle.so.1.0.3
00c0d000-00c0f000 r-xp 00000000 08:01 395375     /usr/lib/pango/1.6.0/modules/pango-basic-fc.so
00c0f000-00c10000 r--p 00001000 08:01 395375     /usr/lib/pango/1.6.0/modules/pango-basic-fc.so
00c10000-00c11000 rw-p 00002000 08:01 395375     /usr/lib/pango/1.6.0/modules/pango-basic-fc.so
00c11000-00c2d000 r-xp 00000000 08:01 85         /usr/lib/libdbus-glib-1.so.2.1.0
00c2d000-00c2e000 r--p 0001b000 08:01 85         /usr/lib/libdbus-glib-1.so.2.1.0
00c2e000-00c2f000 rw-p 0001c000 08:01 85         /usr/lib/libdbus-glib-1.so.2.1.0
00c2f000-00c36000 r-xp 00000000 08:01 57         /usr/lib/libSM.so.6.0.1
00c36000-00c37000 r--p 00006000 08:01 57         /usr/lib/libSM.so.6.0.1
00c37000-00c38000 rw-p 00007000 08:01 57         /usr/lib/libSM.so.6.0.1
00c38000-00c3b000 r-xp 00000000 08:01 3201       /usr/lib/libxcb-atom.so.1.0.0
00c3b000-00c3c000 r--p 00002000 08:01 3201       /usr/lib/libxcb-atom.so.1.0.0
00c3c000-00c3d000 rw-p 00003000 08:01 3201       /usr/lib/libxcb-atom.so.1.0.0
00c3d000-00c43000 r-xp 00000000 08:01 791144     /usr/lib/jvm/java-6-sun-1.6.0.19/jre/lib/i386/native_threads/libhpi.so
00c43000-00c44000 rw-p 00006000 08:01 791144     /usr/lib/jvm/java-6-sun-1.6.0.19/jre/lib/i386/native_threads/libhpi.so
00c44000-00c47000 ---p 00000000 00:00 0 
00c47000-00c95000 rwxp 00000000 00:00 0 
00c95000-00c98000 ---p 00000000 00:00 0 
00c98000-00ce6000 rwxp 00000000 00:00 0 
00ce6000-00ce9000 ---p 00000000 00:00 0 
00ce9000-00d37000 rwxp 00000000 00:00 0 
00d37000-00d3a000 r-xp 00000000 08:01 1017       /lib/libuuid.so.1.3.0
00d3a000-00d3b000 r--p 00002000 08:01 1017       /lib/libuuid.so.1.3.0
00d3b000-00d3c000 rw-p 00003000 08:01 1017       /lib/libuuid.so.1.3.0
00d3c000-00d3e000 r-xp 00000000 08:01 292596     /usr/lib/gconv/UTF-16.so
00d3e000-00d3f000 r--p 00001000 08:01 292596     /usr/lib/gconv/UTF-16.so
00d3f000-00d40000 rw-p 00002000 08:01 292596     /usr/lib/gconv/UTF-16.so
00d41000-00d64000 r-xp 00000000 08:01 1248       /lib/libpng12.so.0.42.0
00d64000-00d65000 r--p 00022000 08:01 1248       /lib/libpng12.so.0.42.0
00d65000-00d66000 rw-p 00023000 08:01 1248       /lib/libpng12.so.0.42.0
00d66000-00d68000 r-xp 00000000 08:01 84         /usr/lib/libXau.so.6.0.0
00d68000-00d69000 r--p 00001000 08:01 84         /usr/lib/libXau.so.6.0.0
00d69000-00d6a000 rw-p 00002000 08:01 84         /usr/lib/libXau.so.6.0.0
00d6a000-00d71000 r-xp 00000000 08:01 325        /usr/lib/xulrunner-1.9.1.9/components/libmozgnome.so
00d71000-00d72000 r--p 00007000 08:01 325        /usr/lib/xulrunner-1.9.1.9/components/libmozgnome.so
00d72000-00d73000 rw-p 00008000 08:01 325        /usr/lib/xulrunner-1.9.1.9/components/libmozgnome.so
00d73000-00d7a000 r-xp 00000000 08:01 152772     /lib/tls/i686/cmov/librt-2.11.1.so
00d7a000-00d7b000 r--p 00006000 08:01 152772     /lib/tls/i686/cmov/librt-2.11.1.so
00d7b000-00d7c000 rw-p 00007000 08:01 152772     /lib/tls/i686/cmov/librt-2.11.1.so
00d7c000-00db3000 r-xp 00000000 08:01 620        /lib/libdbus-1.so.3.4.0
00db3000-00db4000 r--p 00036000 08:01 620        /lib/libdbus-1.so.3.4.0
00db4000-00db5000 rw-p 00037000 08:01 620        /lib/libdbus-1.so.3.4.0
00db5000-00dbe000 r-xp 00000000 08:01 932        /lib/libpopt.so.0.0.0
00dbe000-00dbf000 r--p 00008000 08:01 932        /lib/libpopt.so.0.0.0
00dbf000-00dc0000 rw-p 00009000 08:01 932        /lib/libpopt.so.0.0.0
00dc1000-00dcf000 r-xp 00000000 08:01 122        /usr/lib/libXext.so.6.4.0
00dcf000-00dd0000 r--p 0000d000 08:01 122        /usr/lib/libXext.so.6.4.0
00dd0000-00dd1000 rw-p 0000e000 08:01 122        /usr/lib/libXext.so.6.4.0
00dd1000-00dd4000 ---p 00000000 00:00 0 
00dd4000-00e22000 rwxp 00000000 00:00 0 
00e22000-00e24000 r-xp 00000000 08:01 1623       /usr/lib/libavahi-glib.so.1.0.1
00e24000-00e25000 r--p 00001000 08:01 1623       /usr/lib/libavahi-glib.so.1.0.1
00e25000-00e26000 rw-p 00002000 08:01 1623       /usr/lib/libavahi-glib.so.1.0.1
00e2a000-00e67000 r-xp 00000000 08:01 718        /usr/lib/libgobject-2.0.so.0.2400.0
00e67000-00e68000 r--p 0003c000 08:01 718        /usr/lib/libgobject-2.0.so.0.2400.0
00e68000-00e69000 rw-p 0003d000 08:01 718        /usr/lib/libgobject-2.0.so.0.2400.0
00e6c000-00e73000 r-xp 00000000 08:01 581        /usr/lib/libltdl.so.7.2.1
00e73000-00e74000 r--p 00006000 08:01 581        /usr/lib/libltdl.so.7.2.1
00e74000-00e75000 rw-p 00007000 08:01 581        /usr/lib/libltdl.so.7.2.1
00e75000-00e92000 r-xp 00000000 08:01 6154       /lib/libgcc_s.so.1
00e92000-00e93000 r--p 0001c000 08:01 6154       /lib/libgcc_s.so.1
00e93000-00e94000 rw-p 0001d000 08:01 6154       /lib/libgcc_s.so.1
00e95000-00ec3000 r-xp 00000000 08:01 930        /usr/lib/libfontconfig.so.1.4.4
00ec3000-00ec4000 r--p 0002d000 08:01 930        /usr/lib/libfontconfig.so.1.4.4
00ec4000-00ec5000 rw-p 0002e000 08:01 930        /usr/lib/libfontconfig.so.1.4.4
00ec5000-00ef7000 r-xp 00000000 08:01 2520       /usr/lib/librsvg-2.so.2.26.2
00ef7000-00ef8000 r--p 00031000 08:01 2520       /usr/lib/librsvg-2.so.2.26.2
00ef8000-00ef9000 rw-p 00032000 08:01 2520       /usr/lib/librsvg-2.so.2.26.2
00ef9000-00efc000 r-xp 00000000 08:01 9808       /usr/lib/xulrunner-1.9.1.9/libxpcom.so
00efc000-00efd000 r--p 00002000 08:01 9808       /usr/lib/xulrunner-1.9.1.9/libxpcom.so
00efd000-00efe000 rw-p 00003000 08:01 9808       /usr/lib/xulrunner-1.9.1.9/libxpcom.so
00f00000-00f77000 r-xp 00000000 08:01 2239       /usr/lib/libcairo.so.2.10800.10
00f77000-00f79000 r--p 00076000 08:01 2239       /usr/lib/libcairo.so.2.10800.10
00f79000-00f7a000 rw-p 00078000 08:01 2239       /usr/lib/libcairo.so.2.10800.10
00f7a000-00f9c000 r-xp 00000000 08:01 5043       /usr/lib/libsmime3.so
00f9c000-00f9e000 r--p 00021000 08:01 5043       /usr/lib/libsmime3.so
00f9e000-00f9f000 rw-p 00023000 08:01 5043       /usr/lib/libsmime3.so
00f9f000-00fa3000 r-xp 00000000 08:01 2763       /usr/lib/libORBitCosNaming-2.so.0.1.0
00fa3000-00fa4000 r--p 00003000 08:01 2763       /usr/lib/libORBitCosNaming-2.so.0.1.0
00fa4000-00fa5000 rw-p 00004000 08:01 2763       /usr/lib/libORBitCosNaming-2.so.0.1.0
00fa9000-00fab000 r-xp 00000000 08:01 2948       /usr/lib/libXinerama.so.1.0.0
00fab000-00fac000 r--p 00001000 08:01 2948       /usr/lib/libXinerama.so.1.0.0
00fac000-00fad000 rw-p 00002000 08:01 2948       /usr/lib/libXinerama.so.1.0.0
00fad000-00fe1000 r-xp 00000000 08:01 1515       /usr/lib/libgsf-1.so.114.0.16
00fe1000-00fe3000 r--p 00033000 08:01 1515       /usr/lib/libgsf-1.so.114.0.16
00fe3000-00fe4000 rw-p 00035000 08:01 1515       /usr/lib/libgsf-1.so.114.0.16
00fe4000-00fe5000 rw-p 00000000 00:00 0 
00fe5000-00fe8000 r-xp 00000000 08:01 2738       /lib/libgpg-error.so.0.4.0
00fe8000-00fe9000 r--p 00002000 08:01 2738       /lib/libgpg-error.so.0.4.0
00fe9000-00fea000 rw-p 00003000 08:01 2738       /lib/libgpg-error.so.0.4.0
00fee000-00ff6000 r-xp 00000000 08:01 1471       /usr/lib/libfusion-1.2.so.0.8.0
00ff6000-00ff7000 r--p 00007000 08:01 1471       /usr/lib/libfusion-1.2.so.0.8.0
00ff7000-00ff8000 rw-p 00008000 08:01 1471       /usr/lib/libfusion-1.2.so.0.8.0
00ff8000-013c5000 r-xp 00000000 08:01 1862       /usr/lib/libgtk-x11-2.0.so.0.2000.0
013c5000-013c9000 r--p 003cd000 08:01 1862       /usr/lib/libgtk-x11-2.0.so.0.2000.0
013c9000-013cb000 rw-p 003d1000 08:01 1862       /usr/lib/libgtk-x11-2.0.so.0.2000.0
013cb000-013cd000 rw-p 00000000 00:00 0 
013cd000-014f1000 r-xp 00000000 08:01 2765       /usr/lib/libxml2.so.2.7.6
014f1000-014f5000 r--p 00123000 08:01 2765       /usr/lib/libxml2.so.2.7.6
014f5000-014f6000 rw-p 00127000 08:01 2765       /usr/lib/libxml2.so.2.7.6
014f6000-014f7000 rw-p 00000000 00:00 0 
014f7000-014fa000 ---p 00000000 00:00 0 
014fa000-01548000 rwxp 00000000 00:00 0 
01548000-01631000 r-xp 00000000 08:01 2750       /usr/lib/libstdc++.so.6.0.13
01631000-01632000 ---p 000e9000 08:01 2750       /usr/lib/libstdc++.so.6.0.13
01632000-01636000 r--p 000e9000 08:01 2750       /usr/lib/libstdc++.so.6.0.13
01636000-01637000 rw-p 000ed000 08:01 2750       /usr/lib/libstdc++.so.6.0.13
01637000-0163e000 rw-p 00000000 00:00 0 
0163e000-01789000 r-xp 00000000 08:01 927984     /usr/lib/xulrunner-1.9.2.3/libmozjs.so
01789000-0178b000 r--p 0014b000 08:01 927984     /usr/lib/xulrunner-1.9.2.3/libmozjs.so
0178b000-01790000 rw-p 0014d000 08:01 927984     /usr/lib/xulrunner-1.9.2.3/libmozjs.so
01790000-01791000 rw-p 00000000 00:00 0 
01791000-017a6000 r-xp 00000000 08:01 5044       /usr/lib/libnssutil3.so
017a6000-017a9000 r--p 00014000 08:01 5044       /usr/lib/libnssutil3.so
017a9000-017aa000 rw-p 00017000 08:01 5044       /usr/lib/libnssutil3.so
017aa000-017f9000 r-xp 00000000 08:01 3977       /usr/lib/libXt.so.6.0.0
017f9000-017fa000 r--p 0004e000 08:01 3977       /usr/lib/libXt.so.6.0.0
017fa000-017fd000 rw-p 0004f000 08:01 3977       /usr/lib/libXt.so.6.0.0
017fd000-019f7000 r-xp 00000000 08:01 2285       /usr/lib/libpython2.6.so.1.0
019f7000-019f8000 r--p 001f9000 08:01 2285       /usr/lib/libpython2.6.so.1.0
019f8000-01a47000 rw-p 001fa000 08:01 2285       /usr/lib/libpython2.6.so.1.0
01a47000-01a51000 rw-p 00000000 00:00 0 
01a51000-01a93000 r-xp 00000000 08:01 262866     /lib/i686/cmov/libssl.so.0.9.8
01a93000-01a94000 r--p 00042000 08:01 262866     /lib/i686/cmov/libssl.so.0.9.8
01a94000-01a97000 rw-p 00043000 08:01 262866     /lib/i686/cmov/libssl.so.0.9.8
01a97000-01bcf000 r-xp 00000000 08:01 262865     /lib/i686/cmov/libcrypto.so.0.9.8
01bcf000-01bd7000 r--p 00137000 08:01 262865     /lib/i686/cmov/libcrypto.so.0.9.8
01bd7000-01be5000 rw-p 0013f000 08:01 262865     /lib/i686/cmov/libcrypto.so.0.9.8
01be5000-01be9000 rw-p 00000000 00:00 0 
01be9000-01bfd000 r-xp 00000000 08:01 124        /usr/lib/libgnome-2.so.0.3000.0
01bfd000-01bfe000 r--p 00013000 08:01 124        /usr/lib/libgnome-2.so.0.3000.0
01bfe000-01bff000 rw-p 00014000 08:01 124        /usr/lib/libgnome-2.so.0.3000.0
01bff000-01c0e000 r-xp 00000000 08:01 572        /usr/lib/libtasn1.so.3.1.7
01c0e000-01c0f000 r--p 0000e000 08:01 572        /usr/lib/libtasn1.so.3.1.7
01c0f000-01c10000 rw-p 0000f000 08:01 572        /usr/lib/libtasn1.so.3.1.7
01c14000-01c17000 ---p 00000000 00:00 0 
01c17000-01c95000 rwxp 00000000 00:00 0 
01c95000-01c96000 ---p 00000000 00:00 0 
01c96000-02496000 rwxp 00000000 00:00 0 
02496000-030b6000 r-xp 00000000 08:01 927986     /usr/lib/xulrunner-1.9.2.3/libxul.so
030b6000-0318f000 r--p 00c20000 08:01 927986     /usr/lib/xulrunner-1.9.2.3/libxul.so
0318f000-0319b000 rw-p 00cf9000 08:01 927986     /usr/lib/xulrunner-1.9.2.3/libxul.so
0319b000-031ae000 rw-p 00000000 00:00 0 
031ae000-031dd000 r-xp 00000000 08:01 43         /usr/lib/libgconf-2.so.4.1.5
031dd000-031de000 r--p 0002e000 08:01 43         /usr/lib/libgconf-2.so.4.1.5
031de000-031e0000 rw-p 0002f000 08:01 43         /usr/lib/libgconf-2.so.4.1.5
031e0000-031f3000 r-xp 00000000 08:01 2532       /usr/lib/libbonobo-activation.so.4.0.0
031f3000-031f4000 r--p 00012000 08:01 2532       /usr/lib/libbonobo-activation.so.4.0.0
031f4000-031f5000 rw-p 00013000 08:01 2532       /usr/lib/libbonobo-activation.so.4.0.0
031f5000-031f6000 rw-p 00000000 00:00 0 
031f6000-0328c000 r-xp 00000000 08:01 3885       /usr/lib/libgnutls.so.26.14.12
0328c000-03290000 r--p 00095000 08:01 3885       /usr/lib/libgnutls.so.26.14.12
03290000-03291000 rw-p 00099000 08:01 3885       /usr/lib/libgnutls.so.26.14.12
03291000-03299000 r-xp 00000000 08:01 336        /usr/lib/xulrunner-1.9.1.9/components/libnkgnomevfs.so
03299000-0329a000 r--p 00007000 08:01 336        /usr/lib/xulrunner-1.9.1.9/components/libnkgnomevfs.so
0329a000-0329b000 rw-p 00008000 08:01 336        /usr/lib/xulrunner-1.9.1.9/components/libnkgnomevfs.so
0329b000-032a5000 r-xp 00000000 08:01 10073      /usr/lib/xulrunner-1.9.1.9/components/libimgicon.so
032a5000-032a6000 r--p 00009000 08:01 10073      /usr/lib/xulrunner-1.9.1.9/components/libimgicon.so
032a6000-032a7000 rw-p 0000a000 08:01 10073      /usr/lib/xulrunner-1.9.1.9/components/libimgicon.so
032cd000-0332c000 r-xp 00000000 08:01 7014       /usr/lib/eclipse/configuration/org.eclipse.osgi/bundles/145/1/.cp/libswt-pi-gtk-3557.so
0332c000-0332d000 r--p 0005e000 08:01 7014       /usr/lib/eclipse/configuration/org.eclipse.osgi/bundles/145/1/.cp/libswt-pi-gtk-3557.so
0332d000-0332e000 rw-p 0005f000 08:01 7014       /usr/lib/eclipse/configuration/org.eclipse.osgi/bundles/145/1/.cp/libswt-pi-gtk-3557.so
0332e000-0332f000 rw-p 00000000 00:00 0 
03371000-03374000 ---p 00000000 00:00 0 
03374000-033c2000 rwxp 00000000 00:00 0 
03491000-034a6000 r-xp 00000000 08:01 50         /usr/lib/libICE.so.6.3.0
034a6000-034a7000 r--p 00014000 08:01 50         /usr/lib/libICE.so.6.3.0
034a7000-034a8000 rw-p 00015000 08:01 50         /usr/lib/libICE.so.6.3.0
034a8000-034aa000 rw-p 00000000 00:00 0 
035cf000-03690000 r-xp 00000000 08:01 9806       /usr/lib/xulrunner-1.9.1.9/libmozjs.so
03690000-03692000 r--p 000c1000 08:01 9806       /usr/lib/xulrunner-1.9.1.9/libmozjs.so
03692000-03696000 rw-p 000c3000 08:01 9806       /usr/lib/xulrunner-1.9.1.9/libmozjs.so
03b7f000-03b80000 ---p 00000000 00:00 0 
03b80000-04380000 rwxp 00000000 00:00 0 
04380000-04381000 ---p 00000000 00:00 0 
04381000-04b81000 rwxp 00000000 00:00 0          [threadstack:007ff494]
04d49000-04d6b000 r-xp 00000000 08:01 1391       /usr/lib/libaudiofile.so.0.0.2
04d6b000-04d6c000 r--p 00021000 08:01 1391       /usr/lib/libaudiofile.so.0.0.2
04d6c000-04d6e000 rw-p 00022000 08:01 1391       /usr/lib/libaudiofile.so.0.0.2
04d83000-04d9b000 r-xp 00000000 08:01 9807       /usr/lib/xulrunner-1.9.1.9/libpyxpcom.so
04d9b000-04d9c000 r--p 00017000 08:01 9807       /usr/lib/xulrunner-1.9.1.9/libpyxpcom.so
04d9c000-04d9d000 rw-p 00018000 08:01 9807       /usr/lib/xulrunner-1.9.1.9/libpyxpcom.so
0527a000-052fa000 r-xp 00000000 08:01 2181       /usr/lib/libsqlite3.so.0.8.6
052fa000-052fb000 r--p 0007f000 08:01 2181       /usr/lib/libsqlite3.so.0.8.6
052fb000-052fc000 rw-p 00080000 08:01 2181       /usr/lib/libsqlite3.so.0.8.6
052fc000-052fd000 rw-p 00000000 00:00 0 
05726000-05729000 ---p 00000000 00:00 0 
05729000-05777000 rwxp 00000000 00:00 0 
05826000-05867000 r-xp 00000000 08:01 2234       /usr/lib/libhunspell-1.2.so.0.0.0
05867000-05868000 r--p 00040000 08:01 2234       /usr/lib/libhunspell-1.2.so.0.0.0
05868000-0586c000 rw-p 00041000 08:01 2234       /usr/lib/libhunspell-1.2.so.0.0.0
06268000-0626b000 ---p 00000000 00:00 0 
0626b000-062b9000 rwxp 00000000 00:00 0 
0633d000-06340000 ---p 00000000 00:00 0 
06340000-0638e000 rwxp 00000000 00:00 0 
0645f000-068e2000 r-xp 00000000 08:01 791148     /usr/lib/jvm/java-6-sun-1.6.0.19/jre/lib/i386/client/libjvm.so
068e2000-06903000 rw-p 00483000 08:01 791148     /usr/lib/jvm/java-6-sun-1.6.0.19/jre/lib/i386/client/libjvm.so
06903000-06d1f000 rw-p 00000000 00:00 0 
06dc7000-06dca000 ---p 00000000 00:00 0 
06dca000-06e18000 rwxp 00000000 00:00 0 
06f71000-06fa2000 r-xp 00000000 08:01 1454       /usr/lib/libnspr4.so
06fa2000-06fa3000 r--p 00030000 08:01 1454       /usr/lib/libnspr4.so
06fa3000-06fa4000 rw-p 00031000 08:01 1454       /usr/lib/libnspr4.so
06fa4000-06fa6000 rw-p 00000000 00:00 0 
07335000-0733f000 r-xp 00000000 08:01 150        /usr/lib/libavahi-common.so.3.5.1
0733f000-07340000 r--p 00009000 08:01 150        /usr/lib/libavahi-common.so.3.5.1
07340000-07341000 rw-p 0000a000 08:01 150        /usr/lib/libavahi-common.so.3.5.1
0736b000-0736c000 ---p 00000000 00:00 0 
0736c000-073ec000 rwxp 00000000 00:00 0 
07459000-074aa000 r-xp 00000000 08:01 2531       /usr/lib/libbonobo-2.so.0.0.0
074aa000-074ab000 ---p 00051000 08:01 2531       /usr/lib/libbonobo-2.so.0.0.0
074ab000-074ae000 r--p 00051000 08:01 2531       /usr/lib/libbonobo-2.so.0.0.0
074ae000-074b5000 rw-p 00054000 08:01 2531       /usr/lib/libbonobo-2.so.0.0.0
076c7000-077d5000 r-xp 00000000 08:01 5045       /usr/lib/libnss3.so
077d5000-077d8000 r--p 0010d000 08:01 5045       /usr/lib/libnss3.so
077d8000-077da000 rw-p 00110000 08:01 5045       /usr/lib/libnss3.so
07976000-0797f000 r-xp 00000000 08:01 863        /usr/lib/libesd.so.0.2.39
0797f000-07980000 r--p 00008000 08:01 863        /usr/lib/libesd.so.0.2.39
07980000-07981000 rw-p 00009000 08:01 863        /usr/lib/libesd.so.0.2.39
07a8b000-07a99000 r-xp 00000000 08:01 1321       /usr/lib/libavahi-client.so.3.2.5
07a99000-07a9a000 ---p 0000e000 08:01 1321       /usr/lib/libavahi-client.so.3.2.5
07a9a000-07a9b000 r--p 0000e000 08:01 1321       /usr/lib/libavahi-client.so.3.2.5
07a9b000-07a9c000 rw-p 0000f000 08:01 1321       /usr/lib/libavahi-client.so.3.2.5
07bf4000-07cb7000 r-xp 00000000 08:01 143        /usr/lib/libasound.so.2.0.0
07cb7000-07cbb000 r--p 000c2000 08:01 143        /usr/lib/libasound.so.2.0.0
07cbb000-07cbc000 rw-p 000c6000 08:01 143        /usr/lib/libasound.so.2.0.0
07e6d000-07ec6000 r-xp 00000000 08:01 3519       /usr/lib/libgnomevfs-2.so.0.2400.2
07ec6000-07ec8000 r--p 00058000 08:01 3519       /usr/lib/libgnomevfs-2.so.0.2400.2
07ec8000-07eca000 rw-p 0005a000 08:01 3519       /usr/lib/libgnomevfs-2.so.0.2400.2
07f88000-07ff8000 r-xp 00000000 08:01 576        /lib/libgcrypt.so.11.5.2
07ff8000-07ff9000 r--p 00070000 08:01 576        /lib/libgcrypt.so.11.5.2
07ff9000-07ffb000 rw-p 00071000 08:01 576        /lib/libgcrypt.so.11.5.2
08048000-0804c000 r-xp 00000000 08:01 8180       /usr/lib/eclipse/eclipse
0804c000-0804d000 r--p 00003000 08:01 8180       /usr/lib/eclipse/eclipse
0804d000-0804e000 rw-p 00004000 08:01 8180       /usr/lib/eclipse/eclipse
08591000-08594000 ---p 00000000 00:00 0 
08594000-085e2000 rwxp 00000000 00:00 0 
08839000-0886a000 r-xp 00000000 08:01 2382       /usr/lib/libcroco-0.6.so.3.0.1
0886a000-0886b000 r--p 00030000 08:01 2382       /usr/lib/libcroco-0.6.so.3.0.1
0886b000-0886d000 rw-p 00031000 08:01 2382       /usr/lib/libcroco-0.6.so.3.0.1
08976000-08979000 ---p 00000000 00:00 0 
08979000-089c7000 rwxp 00000000 00:00 0 
089f4000-08a3d000 r-xp 00000000 08:01 2761       /usr/lib/libORBit-2.so.0.1.0
08a3d000-08a45000 r--p 00049000 08:01 2761       /usr/lib/libORBit-2.so.0.1.0
08a45000-08a47000 rw-p 00051000 08:01 2761       /usr/lib/libORBit-2.so.0.1.0
08bd0000-08be9000 r-xp 00000000 08:01 7016       /usr/lib/eclipse/configuration/org.eclipse.osgi/bundles/145/1/.cp/libswt-xulrunner-gtk-3557.so
08be9000-08bea000 r--p 00018000 08:01 7016       /usr/lib/eclipse/configuration/org.eclipse.osgi/bundles/145/1/.cp/libswt-xulrunner-gtk-3557.so
08bea000-08beb000 rw-p 00019000 08:01 7016       /usr/lib/eclipse/configuration/org.eclipse.osgi/bundles/145/1/.cp/libswt-xulrunner-gtk-3557.so
092ec000-0931b000 r-xp 00000000 08:01 3190       /usr/lib/libssl3.so
0931b000-0931d000 r--p 0002e000 08:01 3190       /usr/lib/libssl3.so
0931d000-0931e000 rw-p 00030000 08:01 3190       /usr/lib/libssl3.so
09448000-0944b000 ---p 00000000 00:00 0 
0944b000-09499000 rwxp 00000000 00:00 0 
094ea000-09db1000 rw-p 00000000 00:00 0          [heap]
62e50000-65910000 rw-p 00000000 00:00 0 
65910000-6d8f0000 rw-p 00000000 00:00 0 
6d8f0000-72e50000 rw-p 00000000 00:00 0 
72e50000-82e50000 rw-p 00000000 00:00 0 
82e50000-84710000 rw-p 00000000 00:00 0 
84710000-92e50000 rw-p 00000000 00:00 0 
92e50000-93477000 r--s 00001000 08:01 787414     /usr/lib/jvm/java-6-sun-1.6.0.19/jre/lib/i386/client/classes.jsa
93477000-93850000 rw-p 00000000 00:00 0 
93850000-93f87000 rw-p 00628000 08:01 787414     /usr/lib/jvm/java-6-sun-1.6.0.19/jre/lib/i386/client/classes.jsa
93f87000-94450000 rw-p 00000000 00:00 0 
94450000-94531000 rw-p 00d5f000 08:01 787414     /usr/lib/jvm/java-6-sun-1.6.0.19/jre/lib/i386/client/classes.jsa
94531000-94850000 rw-p 00000000 00:00 0 
94850000-94858000 r-xs 00e40000 08:01 787414     /usr/lib/jvm/java-6-sun-1.6.0.19/jre/lib/i386/client/classes.jsa
94858000-94c50000 rw-p 00000000 00:00 0 
b2c5d000-b3802000 r-xp 00000000 08:01 9809       /usr/lib/xulrunner-1.9.1.9/libxul.so
b3802000-b3803000 ---p 00ba5000 08:01 9809       /usr/lib/xulrunner-1.9.1.9/libxul.so
b3803000-b38d9000 r--p 00ba5000 08:01 9809       /usr/lib/xulrunner-1.9.1.9/libxul.so
b38d9000-b38ef000 rw-p 00c7b000 08:01 9809       /usr/lib/xulrunner-1.9.1.9/libxul.so
b38ef000-b3900000 rw-p 00000000 00:00 0 
b3900000-b3929000 rw-p 00000000 00:00 0 
b3929000-b3a00000 ---p 00000000 00:00 0 
b3a23000-b3a28000 r--s 00041000 08:01 8476       /usr/lib/eclipse/plugins/org.eclipse.ui.intro_3.3.2.v20100111_35x.jar
b3a28000-b3a2a000 r--s 00013000 08:01 8475       /usr/lib/eclipse/plugins/org.eclipse.ui.intro.universal_3.2.300.v20090526/universal.jar
b3a2a000-b3a2e000 r--s 00020000 08:01 8389       /usr/lib/eclipse/plugins/org.eclipse.ui.externaltools_3.2.0.v20090504.jar
b3a2e000-b3a47000 r--s 0011d000 08:01 8129       /usr/lib/eclipse/plugins/org.eclipse.jdt.debug.ui_3.4.1.v20090811_r351.jar
b3a47000-b3a70000 r--s 00421000 08:01 8126       /usr/lib/eclipse/plugins/org.eclipse.jdt.core_3.5.2.v_981_R35x.jar
b3a70000-b3b00000 r--s 008a4000 08:01 8149       /usr/lib/eclipse/plugins/org.eclipse.jdt.ui_3.5.2.r352_v20100106-0800.jar
b3b00000-b3bfe000 rw-p 00000000 00:00 0 
b3bfe000-b3c00000 ---p 00000000 00:00 0 
b3c01000-b3c05000 r--s 0001c000 08:01 8111       /usr/lib/eclipse/plugins/org.eclipse.ui.views.log_1.0.100.v20090731.jar
b3c05000-b3c0d000 r--s 00053000 08:01 8375       /usr/lib/eclipse/plugins/org.eclipse.team.core_3.5.1.r35x_20100113-0800.jar
b3c0d000-b3c10000 r--s 00017000 08:01 8234       /usr/lib/eclipse/plugins/org.eclipse.core.filebuffers_3.5.0.v20090526-2000.jar
b3c10000-b3c13000 r--s 00012000 08:01 8565       /usr/lib/eclipse/plugins/org.eclipse.ui.views_3.4.1.M20090826-0800.jar
b3c13000-b3c16000 r--s 00011000 08:01 8124       /usr/lib/eclipse/plugins/org.eclipse.jdt.core.manipulation_1.3.0.v20090603.jar
b3c16000-b3c20000 r--s 00064000 08:01 8373       /usr/lib/eclipse/plugins/org.eclipse.search_3.5.1.r351_v20090708-0800.jar
b3c20000-b3c50000 r--s 00216000 08:01 8261       /usr/lib/eclipse/plugins/org.eclipse.debug.ui_3.5.2.v20091028_r352.jar
b3c50000-b3c5b000 r--s 0007b000 08:01 8654       /usr/lib/eclipse/plugins/org.eclipse.ui.workbench.texteditor_3.5.1.r352_v20100105.jar
b3c5b000-b3c60000 r--s 00035000 08:01 8379       /usr/lib/eclipse/plugins/org.eclipse.text_3.5.0.v20090513-2000.jar
b3c60000-b3c6b000 r--s 00079000 08:01 8387       /usr/lib/eclipse/plugins/org.eclipse.ui.editors_3.5.0.v20090527-2000.jar
b3c6b000-b3c7e000 r--s 000d4000 08:01 8360       /usr/lib/eclipse/plugins/org.eclipse.jface.text_3.5.2.r352_v20091118-0800.jar
b3c7e000-b3c7f000 r--s 0000b000 08:01 8122       /usr/lib/eclipse/plugins/org.eclipse.jdt.compiler.tool_1.0.100.v_981_R35x.jar
b3c7f000-b3c82000 rw-s 00000000 00:04 37060624   /SYSV00000000 (deleted)
b3c82000-b3cca000 r--s 00397000 08:01 8108       /usr/lib/eclipse/plugins/org.eclipse.pde.ui_3.5.1.v201001121200.jar
b3cca000-b3ccb000 r--s 00002000 08:01 8163       /usr/lib/eclipse/plugins/org.eclipse.cvs_1.0.400.v201002111343.jar
b3ccb000-b3ccd000 r--s 0000e000 08:01 8109       /usr/lib/eclipse/plugins/org.eclipse.pde_3.4.100.v201002111343.jar
b3ccd000-b3cd3000 r--s 0004c000 08:01 8352       /usr/lib/eclipse/plugins/org.eclipse.help.base_3.4.0.v201002111343.jar
b3cd3000-b3cdb000 r--s 00046000 08:01 8383       /usr/lib/eclipse/plugins/org.eclipse.ui.cheatsheets_3.3.200.v20090526.jar
b3cdb000-b3ce0000 r--s 00027000 08:01 8381       /usr/lib/eclipse/plugins/org.eclipse.ui.browser_3.2.301.v20091215_35x.jar
b3ce0000-b3ce4000 r--s 00021000 08:01 8099       /usr/lib/eclipse/plugins/org.eclipse.pde.runtime_3.4.100.v20090731.jar
b3ce4000-b3cee000 r--s 00065000 08:01 8355       /usr/lib/eclipse/plugins/org.eclipse.help.ui_3.4.1.v20090819_35x.jar
b3cee000-b3d0c000 r--s 00549000 08:01 154738     /usr/share/java/com.ibm.icu-4.0.1.1.jar
b3d0c000-b3d16000 r--s 000a1000 08:01 8243       /usr/lib/eclipse/plugins/org.eclipse.core.resources_3.5.2.R35x_v20091203-1235.jar
b3d16000-b3d76000 rw-s 00000000 00:04 37027855   /SYSV00000000 (deleted)
b3d76000-b3d91000 r--s 00000000 08:01 176748     /usr/share/mime/mime.cache
b3d91000-b3d92000 r--s 00000000 08:01 655776     /home/simon/.local/share/mime/mime.cache
b3d92000-b4542000 r--p 00000000 08:01 132405     /usr/share/icons/hicolor/icon-theme.cache
b4542000-b4c31000 r--p 00000000 08:01 193245     /usr/share/icons/gnome/icon-theme.cache
b4c31000-b4cdc000 r--p 00000000 08:01 143713     /usr/share/icons/Humanity/icon-theme.cache
b4cdc000-b4d68000 r--p 00000000 08:01 395286     /usr/share/fonts/truetype/ttf-dejavu/DejaVuSans-Bold.ttf
b4d68000-b4e00000 r--p 00000000 08:01 395285     /usr/share/fonts/truetype/ttf-dejavu/DejaVuSans.ttf
b4e00000-b4efc000 rw-p 00000000 00:00 0 
b4efc000-b4f00000 ---p 00000000 00:00 0 
b4f00000-b4f02000 r--s 00022000 08:01 8120       /usr/lib/eclipse/plugins/org.eclipse.jdt.compiler.apt_1.0.201.R35x_v20090925-1100.jar
b4f02000-b4f04000 r--s 00008000 08:01 8150       /usr/lib/eclipse/plugins/org.eclipse.jdt_3.5.2.v201002111343.jar
b4f04000-b4f05000 r--s 00002000 08:01 7066       /usr/lib/eclipse/plugins/org.eclipse.rcp_3.5.0.v201002111343.jar
b4f05000-b4f09000 r--s 00030000 08:01 8358       /usr/lib/eclipse/plugins/org.eclipse.help_3.4.1.v20090805_35x.jar
b4f09000-b4f0c000 r--s 00011000 08:01 7034       /usr/lib/eclipse/plugins/org.eclipse.core.expressions_3.4.101.R35x_v20100209.jar
b4f0c000-b4f14000 r--s 0003a000 08:01 7028       /usr/lib/eclipse/plugins/org.eclipse.core.databinding.observable_1.2.0.M20090902-0800.jar
b4f14000-b4f1c000 r--s 00035000 08:01 7062       /usr/lib/eclipse/plugins/org.eclipse.jface.databinding_1.3.1.M20090826-0800.jar
b4f1c000-b4f1f000 r--s 00012000 08:01 7024       /usr/lib/eclipse/plugins/org.eclipse.core.contenttype_3.4.1.R35x_v20090826-0451.jar
b4f1f000-b4f22000 r--s 0001a000 08:01 8241       /usr/lib/eclipse/plugins/org.eclipse.core.resources.compatibility_3.4.1.R35x_v20100113-0530.jar
b4f22000-b4f24000 r--s 00016000 08:01 7075       /usr/lib/eclipse/plugins/org.eclipse.update.configurator_3.3.0.v20090312.jar
b4f24000-b4f47000 r--s 001ca000 08:01 8395       /usr/lib/eclipse/plugins/org.eclipse.ui.ide_3.5.2.M20100113-0800.jar
b4f47000-b4f48000 r--s 00000000 08:01 153701     /var/cache/fontconfig/26de28bc8622bbc1fb67fd234c21975f-le32d4.cache-3
b4f48000-b4f49000 r--s 00000000 08:01 169811     /var/cache/fontconfig/c05880de57d1f5e948fdfacc138775d9-le32d4.cache-3
b4f49000-b4f4f000 r--s 00000000 08:01 169420     /var/cache/fontconfig/945677eb7aeaf62f1d50efc3fb3ec7d8-le32d4.cache-3
b4f4f000-b4f52000 r--s 00000000 08:01 163355     /var/cache/fontconfig/99e8ed0e538f840c565b6ed5dad60d56-le32d4.cache-3
b4f52000-b4f54000 r--s 00000000 08:01 163354     /var/cache/fontconfig/f24b2111ab8703b4e963115a8cf14259-le32d4.cache-3
b4f54000-b4f59000 r--s 00000000 08:01 154303     /var/cache/fontconfig/e25ca923d7a08ab6b0777bd7eb77ea77-le32d4.cache-3
b4f59000-b4f5c000 r--s 00000000 08:01 153762     /var/cache/fontconfig/e383d7ea5fbe662a33d9b44caf393297-le32d4.cache-3
b4f5c000-b4f5d000 r--s 00000000 08:01 152230     /var/cache/fontconfig/e7071f4a29fa870f4323321c154eba04-le32d4.cache-3
b4f5d000-b4f5f000 r--s 00000000 08:01 185817     /var/cache/fontconfig/b5ea634b0fb353b8ea17632d1f9ef766-le32d4.cache-3
b4f5f000-b4f62000 r--s 00000000 08:01 144383     /var/cache/fontconfig/6eb3985aa4124903f6ff08ba781cd364-le32d4.cache-3
b4f62000-b4f63000 r--s 00000000 08:01 144088     /var/cache/fontconfig/4c73fe0c47614734b17d736dbde7580a-le32d4.cache-3
b4f63000-b4f64000 r--s 00000000 08:01 144087     /var/cache/fontconfig/6a53c69dea097a2d716e069445527da8-le32d4.cache-3
b4f64000-b4f68000 r--s 00000000 08:01 144085     /var/cache/fontconfig/a755afe4a08bf5b97852ceb7400b47bc-le32d4.cache-3
b4f68000-b4f6f000 r--s 00000000 08:01 144084     /var/cache/fontconfig/6d41288fd70b0be22e8c3a91e032eec0-le32d4.cache-3
b4f6f000-b4f7a000 r--s 00000000 08:01 144044     /var/cache/fontconfig/0f34bcd4b6ee430af32735b75db7f02b-le32d4.cache-3
b4f7a000-b4f7b000 r--s 00000000 08:01 144038     /var/cache/fontconfig/4794a0821666d79190d59a36cb4f44b5-le32d4.cache-3
b4f7b000-b4f9d000 r--s 00000000 08:01 139648     /var/cache/fontconfig/365b55f210c0a22e9a19e35191240f32-le32d4.cache-3
b4f9d000-b4f9f000 r--s 00000000 08:01 139640     /var/cache/fontconfig/2c5ba8142dffc8bf0377700342b8ca1a-le32d4.cache-3
b4f9f000-b4fa7000 r--s 00000000 08:01 139639     /var/cache/fontconfig/d52a8644073d54c13679302ca1180695-le32d4.cache-3
b4fa7000-b4faf000 r--s 00000000 08:01 182736     /var/cache/fontconfig/e13b20fdb08344e0e664864cc2ede53d-le32d4.cache-3
b4faf000-b4fb1000 r--s 00000000 08:01 138663     /var/cache/fontconfig/7ef2298fde41cc6eeb7af42e48b7d293-le32d4.cache-3
b4fb1000-b4fb5000 r--s 00015000 08:01 7022       /usr/lib/eclipse/plugins/org.eclipse.core.commands_3.5.0.I20090525-2000.jar
b4fb5000-b4fba000 r--s 0001d000 08:01 7073       /usr/lib/eclipse/plugins/org.eclipse.ui_3.5.2.M20100120-0800.jar
b4fba000-b4fce000 r--s 001cf000 08:01 7068       /usr/lib/eclipse/plugins/org.eclipse.swt.gtk.linux.x86_3.5.2.v3557f.jar
b4fce000-b4fcf000 r--s 00003000 08:01 7069       /usr/lib/eclipse/plugins/org.eclipse.swt_3.5.2.v3557f.jar
b4fcf000-b4fe3000 r--s 000e7000 08:01 7064       /usr/lib/eclipse/plugins/org.eclipse.jface_3.5.2.M20100120-0800.jar
b4fe3000-b4fe4000 r--s 00000000 08:01 8571       /usr/lib/eclipse/plugins/org.eclipse.ui.workbench.compatibility_3.2.0.I20090429-1800/compatibility.jar
b4fe4000-b502a000 r--s 00385000 08:01 7072       /usr/lib/eclipse/plugins/org.eclipse.ui.workbench_3.5.2.M20100113-0800.jar
b502a000-b502c000 r--s 0000b000 08:01 8393       /usr/lib/eclipse/plugins/org.eclipse.ui.ide.application_1.0.101.M20090826-0800.jar
b502c000-b502f000 r--s 0001a000 08:01 8298       /usr/lib/eclipse/plugins/org.eclipse.equinox.p2.core_1.0.101.R35x_v20090819.jar
b502f000-b5031000 r--s 00008000 08:01 8324       /usr/lib/eclipse/plugins/org.eclipse.equinox.p2.reconciler.dropins_1.0.100.v20090520-1905.jar
b5031000-b5037000 r--s 00045000 08:01 154794     /usr/share/java/commons-httpclient-3.1.jar
b5037000-b5039000 r--s 00002000 08:01 8268       /usr/lib/eclipse/plugins/org.eclipse.ecf.provider.filetransfer.httpclient.ssl_1.0.0.v20090831-1906.jar
b5039000-b503b000 r--s 0000d000 08:01 8269       /usr/lib/eclipse/plugins/org.eclipse.ecf.provider.filetransfer.httpclient_3.0.1.v20090831-1906.jar
b503b000-b503e000 r--s 00008000 08:01 8263       /usr/lib/eclipse/plugins/org.eclipse.ecf.filetransfer_3.0.0.v20090831-1906.jar
b503e000-b5040000 r--s 00000000 08:01 8272       /usr/lib/eclipse/plugins/org.eclipse.ecf.provider.filetransfer.ssl_1.0.0.v20090831-1906.jar
b5040000-b5044000 r--s 00019000 08:01 8273       /usr/lib/eclipse/plugins/org.eclipse.ecf.provider.filetransfer_3.0.1.v20090831-1906.jar
b5044000-b5046000 r--s 0000b000 08:01 8265       /usr/lib/eclipse/plugins/org.eclipse.ecf.identity_3.0.0.v20090831-1906.jar
b5046000-b504c000 r--s 00092000 08:01 795840     /usr/lib/jvm/java-6-sun-1.6.0.19/jre/lib/jsse.jar
b504c000-b504f000 r--s 00011000 08:01 8277       /usr/lib/eclipse/plugins/org.eclipse.ecf_3.0.0.v20090831-1906.jar
b504f000-b5052000 r--s 00013000 08:01 8251       /usr/lib/eclipse/plugins/org.eclipse.core.runtime.compatibility_3.2.0.v20090413.jar
b5052000-b5055000 r--s 00011000 08:01 7042       /usr/lib/eclipse/plugins/org.eclipse.equinox.app_1.2.1.R35x_v20091203.jar
b5055000-b5057000 r--s 00011000 08:01 7036       /usr/lib/eclipse/plugins/org.eclipse.core.jobs_3.4.100.v20090429-1800.jar
b5057000-b505a000 r--s 00016000 08:01 7054       /usr/lib/eclipse/plugins/org.eclipse.equinox.preferences_3.2.301.R35x_v20091117.jar
b505a000-b505b000 r--s 00004000 08:01 7038       /usr/lib/eclipse/plugins/org.eclipse.core.runtime.compatibility.auth_3.2.100.v20090413.jar
b505b000-b505c000 r--s 00001000 08:01 8249       /usr/lib/eclipse/plugins/org.eclipse.core.runtime.compatibility.registry_3.2.200.v20090429-1800/runtime_registry_compatibility.jar
b505c000-b505f000 r--s 00026000 08:01 7056       /usr/lib/eclipse/plugins/org.eclipse.equinox.registry_3.4.100.v20090520-1800.jar
b505f000-b5061000 r--s 0000f000 08:01 7040       /usr/lib/eclipse/plugins/org.eclipse.core.runtime_3.5.0.v20090525.jar
b5061000-b5064000 r--s 0000c000 08:01 6834       /usr/lib/eclipse/plugins/org.eclipse.osgi.services_3.2.0.v20090520-1800.jar
b5064000-b5067000 r--s 0000f000 08:01 7060       /usr/lib/eclipse/plugins/org.eclipse.equinox.util_1.0.100.v20090520-1800.jar
b5067000-b506a000 r--s 00026000 08:01 7046       /usr/lib/eclipse/plugins/org.eclipse.equinox.ds_1.1.1.R35x_v20090806.jar
b506a000-b5200000 r--s 02fd0000 08:01 795259     /usr/lib/jvm/java-6-sun-1.6.0.19/jre/lib/rt.jar
b5200000-b52fe000 rw-p 00000000 00:00 0 
b52fe000-b5300000 ---p 00000000 00:00 0 
b5300000-b5301000 r--s 00005000 08:01 8304       /usr/lib/eclipse/plugins/org.eclipse.equinox.p2.directorywatcher_1.0.100.v20090525.jar
b5301000-b5304000 r--s 00015000 08:01 7044       /usr/lib/eclipse/plugins/org.eclipse.equinox.common_3.5.1.R35x_v20090807-1100.jar
b5304000-b5314000 r--s 00100000 08:01 6902       /usr/lib/eclipse/plugins/org.eclipse.osgi_3.5.2.R35x_v20100126.jar
b5314000-b5361000 rw-p 00000000 00:00 0 
b5361000-b53d5000 rw-p 00000000 00:00 0 
b53d5000-b5400000 rw-p 00000000 00:00 0 
b5400000-b5480000 rw-p 00000000 00:00 0 
b5480000-b5496000 rw-p 00000000 00:00 0 
b5496000-b54d5000 rw-p 00000000 00:00 0 
b54d5000-b5500000 rw-p 00000000 00:00 0 
b5500000-b5580000 rw-p 00000000 00:00 0 
b5580000-b558d000 rw-p 00000000 00:00 0 
b558d000-b5600000 rw-p 00000000 00:00 0 
b5600000-b5615000 rw-p 00000000 00:00 0 
b5615000-b568c000 rw-p 00000000 00:00 0 
b568c000-b589c000 rwxp 00000000 00:00 0 
b589c000-b768c000 rw-p 00000000 00:00 0 
b768c000-b7694000 rw-s 00000000 08:01 806        /tmp/hsperfdata_simon/5838
b7694000-b7695000 rw-p 00000000 00:00 0 
b7695000-b7696000 r--p 00000000 00:00 0 
b7696000-b76f6000 rw-s 00000000 00:04 36995086   /SYSV00000000 (deleted)
b76f6000-b7759000 rw-p 00000000 00:00 0 
b7759000-b775a000 r--s 00001000 08:01 8276       /usr/lib/eclipse/plugins/org.eclipse.ecf.ssl_1.0.0.v20090831-1906.jar
b775a000-b7799000 r--p 00000000 08:01 919706     /usr/lib/locale/en_US.utf8/LC_CTYPE
b7799000-b78b7000 r--p 00000000 08:01 919707     /usr/lib/locale/en_US.utf8/LC_COLLATE
b78b7000-b78b9000 rw-p 00000000 00:00 0 
b78b9000-b78bb000 r--s 00007000 08:01 7058       /usr/lib/eclipse/plugins/org.eclipse.equinox.simpleconfigurator_1.0.101.R35x_v20090807-1100.jar
b78bb000-b78bd000 r--s 00009000 08:01 7052       /usr/lib/eclipse/plugins/org.eclipse.equinox.launcher_1.0.201.R35x_v20090715.jar
b78bd000-b78be000 r--p 00000000 08:01 921245     /usr/lib/locale/en_US.utf8/LC_NUMERIC
b78be000-b78bf000 r--p 00000000 08:01 919726     /usr/lib/locale/en_US.utf8/LC_TIME
b78bf000-b78c0000 r--p 00000000 08:01 919727     /usr/lib/locale/en_US.utf8/LC_MONETARY
b78c0000-b78c1000 r--p 00000000 08:01 919728     /usr/lib/locale/en_US.utf8/LC_MESSAGES/SYS_LC_MESSAGES
b78c1000-b78c2000 r--p 00000000 08:01 921544     /usr/lib/locale/en_US.utf8/LC_PAPER
b78c2000-b78c3000 r--p 00000000 08:01 921545     /usr/lib/locale/en_US.utf8/LC_NAME
b78c3000-b78c4000 r--p 00000000 08:01 919729     /usr/lib/locale/en_US.utf8/LC_ADDRESS
b78c4000-b78c5000 r--p 00000000 08:01 919730     /usr/lib/locale/en_US.utf8/LC_TELEPHONE
b78c5000-b78c6000 r--p 00000000 08:01 921548     /usr/lib/locale/en_US.utf8/LC_MEASUREMENT
b78c6000-b78cd000 r--s 00000000 08:01 290907     /usr/lib/gconv/gconv-modules.cache
b78cd000-b78ce000 r--p 00000000 08:01 919731     /usr/lib/locale/en_US.utf8/LC_IDENTIFICATION
b78ce000-b78d0000 rw-p 00000000 00:00 0 
bf8db000-bf8de000 ---p 00000000 00:00 0 
bf8de000-bf92b000 rwxp 00000000 00:00 0          [stack]
bf92b000-bf92c000 rw-p 00000000 00:00 0 

VM Arguments:
jvm_args: -Xms128m -Xmx512m -Dorg.eclipse.equinox.p2.reconciler.dropins.directory=/usr/share/eclipse/dropins -XX:MaxPermSize=256m 
java_command: <unknown>
Launcher Type: generic

Environment Variables:
PATH=/usr/lib/ruby/1.8:/usr/local/sbin:/usr/local/bin:/usr/sbin:/usr/bin:/sbin:/bin:/usr/games
USERNAME=simon
LD_LIBRARY_PATH=/usr/lib/jvm/java-6-sun-1.6.0.19/jre/lib/i386/client:/usr/lib/jvm/java-6-sun-1.6.0.19/jre/lib/i386:/usr/lib/xulrunner-1.9.2.3:/usr/lib/xulrunner-1.9.2.3
SHELL=/bin/bash
DISPLAY=:0.0

Signal Handlers:
SIGSEGV: [libjvm.so+0x418670], sa_mask[0]=0x7ffbfeff, sa_flags=0x10000004
SIGBUS: [libjvm.so+0x418670], sa_mask[0]=0x7ffbfeff, sa_flags=0x10000004
SIGFPE: [libjvm.so+0x33e070], sa_mask[0]=0x7ffbfeff, sa_flags=0x10000004
SIGPIPE: SIG_IGN, sa_mask[0]=0x00000000, sa_flags=0x00000000
SIGXFSZ: [libjvm.so+0x33e070], sa_mask[0]=0x7ffbfeff, sa_flags=0x10000004
SIGILL: [libjvm.so+0x33e070], sa_mask[0]=0x7ffbfeff, sa_flags=0x10000004
SIGUSR1: SIG_DFL, sa_mask[0]=0x00000000, sa_flags=0x00000000
SIGUSR2: [libjvm.so+0x340cb0], sa_mask[0]=0x00000000, sa_flags=0x10000004
SIGHUP: [libjvm.so+0x3409e0], sa_mask[0]=0x7ffbfeff, sa_flags=0x10000004
SIGINT: [libjvm.so+0x3409e0], sa_mask[0]=0x7ffbfeff, sa_flags=0x10000004
SIGTERM: [libjvm.so+0x3409e0], sa_mask[0]=0x7ffbfeff, sa_flags=0x10000004
SIGQUIT: [libjvm.so+0x3409e0], sa_mask[0]=0x7ffbfeff, sa_flags=0x10000004


---------------  S Y S T E M  ---------------

OS:squeeze/sid

uname:Linux 2.6.32-21-generic #32-Ubuntu SMP Fri Apr 16 08:10:02 UTC 2010 i686
libc:glibc 2.11.1 NPTL 2.11.1 
rlimit: STACK 8192k, CORE 0k, NPROC infinity, NOFILE 1024, AS infinity
load average:2.30 2.04 1.62

CPU:total 2 (2 cores per cpu, 1 threads per core) family 6 model 15 stepping 2, cmov, cx8, fxsr, mmx, sse, sse2, sse3, ssse3

Memory: 4k page, physical 1016880k(22736k free), swap 2980016k(2491408k free)

vm_info: Java HotSpot(TM) Client VM (16.2-b04) for linux-x86 JRE (1.6.0_19-b04), built on Mar  9 2010 01:12:07 by "java_re" with gcc 3.2.1-7a (J2SE release)

time: Mon Apr 19 11:05:31 2010
elapsed time: 36 seconds

